Determining if the Q_WS_WIN exist failed with the following output:
Change Dir: /home/pi/avx/src/vision/CMakeFiles/CMakeTmp

Run Build Command:/usr/bin/make "cmTryCompileExec977531400/fast"
/usr/bin/make -f CMakeFiles/cmTryCompileExec977531400.dir/build.make CMakeFiles/cmTryCompileExec977531400.dir/build
make[1]: Entering directory '/home/pi/avx/src/vision/CMakeFiles/CMakeTmp'
/usr/bin/cmake -E cmake_progress_report /home/pi/avx/src/vision/CMakeFiles/CMakeTmp/CMakeFiles 1
Building CXX object CMakeFiles/cmTryCompileExec977531400.dir/CheckSymbolExists.cxx.o
/usr/bin/c++    -I/usr/include/qt4    -o CMakeFiles/cmTryCompileExec977531400.dir/CheckSymbolExists.cxx.o -c /home/pi/avx/src/vision/CMakeFiles/CMakeTmp/CheckSymbolExists.cxx
/home/pi/avx/src/vision/CMakeFiles/CMakeTmp/CheckSymbolExists.cxx: In function 'int main(int, char**)':
/home/pi/avx/src/vision/CMakeFiles/CMakeTmp/CheckSymbolExists.cxx:8:19: error: 'Q_WS_WIN' was not declared in this scope
CMakeFiles/cmTryCompileExec977531400.dir/build.make:60: recipe for target 'CMakeFiles/cmTryCompileExec977531400.dir/CheckSymbolExists.cxx.o' failed
make[1]: *** [CMakeFiles/cmTryCompileExec977531400.dir/CheckSymbolExists.cxx.o] Error 1
make[1]: Leaving directory '/home/pi/avx/src/vision/CMakeFiles/CMakeTmp'
Makefile:117: recipe for target 'cmTryCompileExec977531400/fast' failed
make: *** [cmTryCompileExec977531400/fast] Error 2

File /home/pi/avx/src/vision/CMakeFiles/CMakeTmp/CheckSymbolExists.cxx:
/* */
#include <QtCore/qglobal.h>

int main(int argc, char** argv)
{
  (void)argv;
#ifndef Q_WS_WIN
  return ((int*)(&Q_WS_WIN))[argc];
#else
  (void)argc;
  return 0;
#endif
}

Determining if the Q_WS_QWS exist failed with the following output:
Change Dir: /home/pi/avx/src/vision/CMakeFiles/CMakeTmp

Run Build Command:/usr/bin/make "cmTryCompileExec2242626381/fast"
/usr/bin/make -f CMakeFiles/cmTryCompileExec2242626381.dir/build.make CMakeFiles/cmTryCompileExec2242626381.dir/build
make[1]: Entering directory '/home/pi/avx/src/vision/CMakeFiles/CMakeTmp'
/usr/bin/cmake -E cmake_progress_report /home/pi/avx/src/vision/CMakeFiles/CMakeTmp/CMakeFiles 1
Building CXX object CMakeFiles/cmTryCompileExec2242626381.dir/CheckSymbolExists.cxx.o
/usr/bin/c++    -I/usr/include/qt4    -o CMakeFiles/cmTryCompileExec2242626381.dir/CheckSymbolExists.cxx.o -c /home/pi/avx/src/vision/CMakeFiles/CMakeTmp/CheckSymbolExists.cxx
/home/pi/avx/src/vision/CMakeFiles/CMakeTmp/CheckSymbolExists.cxx: In function 'int main(int, char**)':
/home/pi/avx/src/vision/CMakeFiles/CMakeTmp/CheckSymbolExists.cxx:8:19: error: 'Q_WS_QWS' was not declared in this scope
CMakeFiles/cmTryCompileExec2242626381.dir/build.make:60: recipe for target 'CMakeFiles/cmTryCompileExec2242626381.dir/CheckSymbolExists.cxx.o' failed
make[1]: *** [CMakeFiles/cmTryCompileExec2242626381.dir/CheckSymbolExists.cxx.o] Error 1
make[1]: Leaving directory '/home/pi/avx/src/vision/CMakeFiles/CMakeTmp'
Makefile:117: recipe for target 'cmTryCompileExec2242626381/fast' failed
make: *** [cmTryCompileExec2242626381/fast] Error 2

File /home/pi/avx/src/vision/CMakeFiles/CMakeTmp/CheckSymbolExists.cxx:
/* */
#include <QtCore/qglobal.h>

int main(int argc, char** argv)
{
  (void)argv;
#ifndef Q_WS_QWS
  return ((int*)(&Q_WS_QWS))[argc];
#else
  (void)argc;
  return 0;
#endif
}

Determining if the Q_WS_MAC exist failed with the following output:
Change Dir: /home/pi/avx/src/vision/CMakeFiles/CMakeTmp

Run Build Command:/usr/bin/make "cmTryCompileExec2079758755/fast"
/usr/bin/make -f CMakeFiles/cmTryCompileExec2079758755.dir/build.make CMakeFiles/cmTryCompileExec2079758755.dir/build
make[1]: Entering directory '/home/pi/avx/src/vision/CMakeFiles/CMakeTmp'
/usr/bin/cmake -E cmake_progress_report /home/pi/avx/src/vision/CMakeFiles/CMakeTmp/CMakeFiles 1
Building CXX object CMakeFiles/cmTryCompileExec2079758755.dir/CheckSymbolExists.cxx.o
/usr/bin/c++    -I/usr/include/qt4    -o CMakeFiles/cmTryCompileExec2079758755.dir/CheckSymbolExists.cxx.o -c /home/pi/avx/src/vision/CMakeFiles/CMakeTmp/CheckSymbolExists.cxx
/home/pi/avx/src/vision/CMakeFiles/CMakeTmp/CheckSymbolExists.cxx: In function 'int main(int, char**)':
/home/pi/avx/src/vision/CMakeFiles/CMakeTmp/CheckSymbolExists.cxx:8:19: error: 'Q_WS_MAC' was not declared in this scope
CMakeFiles/cmTryCompileExec2079758755.dir/build.make:60: recipe for target 'CMakeFiles/cmTryCompileExec2079758755.dir/CheckSymbolExists.cxx.o' failed
make[1]: *** [CMakeFiles/cmTryCompileExec2079758755.dir/CheckSymbolExists.cxx.o] Error 1
make[1]: Leaving directory '/home/pi/avx/src/vision/CMakeFiles/CMakeTmp'
Makefile:117: recipe for target 'cmTryCompileExec2079758755/fast' failed
make: *** [cmTryCompileExec2079758755/fast] Error 2

File /home/pi/avx/src/vision/CMakeFiles/CMakeTmp/CheckSymbolExists.cxx:
/* */
#include <QtCore/qglobal.h>

int main(int argc, char** argv)
{
  (void)argv;
#ifndef Q_WS_MAC
  return ((int*)(&Q_WS_MAC))[argc];
#else
  (void)argc;
  return 0;
#endif
}

